2021-07-08 18:16:31,230 INFO o.a.j.u.JMeterUtils: Setting Locale to en_US
2021-07-08 18:16:31,246 INFO o.a.j.JMeter: Loading user properties from: user.properties
2021-07-08 18:16:31,248 INFO o.a.j.JMeter: Loading system properties from: system.properties
2021-07-08 18:16:31,259 INFO o.a.j.JMeter: Copyright (c) 1998-2021 The Apache Software Foundation
2021-07-08 18:16:31,259 INFO o.a.j.JMeter: Version 5.4.1
2021-07-08 18:16:31,260 INFO o.a.j.JMeter: java.version=1.8.0_251
2021-07-08 18:16:31,260 INFO o.a.j.JMeter: java.vm.name=Java HotSpot(TM) 64-Bit Server VM
2021-07-08 18:16:31,260 INFO o.a.j.JMeter: os.name=Windows 10
2021-07-08 18:16:31,260 INFO o.a.j.JMeter: os.arch=amd64
2021-07-08 18:16:31,260 INFO o.a.j.JMeter: os.version=10.0
2021-07-08 18:16:31,260 INFO o.a.j.JMeter: file.encoding=Cp1252
2021-07-08 18:16:31,260 INFO o.a.j.JMeter: java.awt.headless=null
2021-07-08 18:16:31,260 INFO o.a.j.JMeter: Max memory     =3760193536
2021-07-08 18:16:31,260 INFO o.a.j.JMeter: Available Processors =8
2021-07-08 18:16:31,266 INFO o.a.j.JMeter: Default Locale=English (United States)
2021-07-08 18:16:31,267 INFO o.a.j.JMeter: JMeter  Locale=English (United States)
2021-07-08 18:16:31,267 INFO o.a.j.JMeter: JMeterHome=C:\Dev\Performance\JMeter\apache-jmeter-5.4.1
2021-07-08 18:16:31,267 INFO o.a.j.JMeter: user.dir  =C:\Dev\Performance\JMeter\apache-jmeter-5.4.1\bin
2021-07-08 18:16:31,268 INFO o.a.j.JMeter: PWD       =C:\Dev\Performance\JMeter\apache-jmeter-5.4.1\bin
2021-07-08 18:16:31,269 INFO o.a.j.JMeter: IP: 192.168.18.17 Name: AAPC-IN FullName: AAPC-IN.oradev.oraclecorp.com
2021-07-08 18:16:31,411 INFO o.a.j.JMeter: Setting LAF to: laf:com.sun.java.swing.plaf.windows.WindowsClassicLookAndFeel
2021-07-08 18:16:31,582 INFO o.a.j.JMeter: Loaded icon properties from org/apache/jmeter/images/icon.properties
2021-07-08 18:16:39,473 INFO o.j.r.PluginManager: Plugins Status: [jpgc-perfmon=2.1, jpgc-plugins-manager=0.20, jmeter-core=5.4.1, jmeter-ftp=5.4.1, jmeter-http=5.4.1, jmeter-jdbc=5.4.1, jmeter-jms=5.4.1, jmeter-junit=5.4.1, jmeter-java=5.4.1, jmeter-ldap=5.4.1, jmeter-mail=5.4.1, jmeter-mongodb=5.4.1, jmeter-native=5.4.1, jmeter-tcp=5.4.1, jmeter-components=5.4.1]
2021-07-08 18:16:39,475 INFO o.j.r.PluginManagerMenuItem: Plugins Manager has upgrades: [jpgc-plugins-manager]
2021-07-08 18:17:05,018 INFO o.a.j.s.FileServer: Default base='C:\Dev\Performance\JMeter\apache-jmeter-5.4.1\bin'
2021-07-08 18:17:05,024 INFO o.a.j.s.FileServer: Set new base='C:\Dev\Performance\JMeter\apache-jmeter-5.4.1\Projects'
2021-07-08 18:17:05,458 INFO o.a.j.s.SaveService: Testplan (JMX) version: 2.2. Testlog (JTL) version: 2.2
2021-07-08 18:17:05,485 INFO o.a.j.s.SaveService: Using SaveService properties file encoding UTF-8
2021-07-08 18:17:05,488 INFO o.a.j.s.SaveService: Using SaveService properties version 5.0
2021-07-08 18:17:09,774 INFO o.a.j.g.JMeterUIDefaults: Applying font scale factor: 1.1
2021-07-08 18:17:09,984 INFO o.a.j.g.JMeterUIDefaults: Applying font scale factor: 1.21
2021-07-08 18:17:10,141 INFO o.a.j.g.JMeterUIDefaults: Applying font scale factor: 1.3310001
2021-07-08 18:17:10,278 INFO o.a.j.g.JMeterUIDefaults: Applying font scale factor: 1.4641001
2021-07-08 18:17:10,372 INFO o.a.j.g.JMeterUIDefaults: Applying font scale factor: 1.6105101
2021-07-08 18:17:33,650 INFO o.a.j.p.h.s.HTTPSamplerBase: Parser for text/html is org.apache.jmeter.protocol.http.parser.LagartoBasedHtmlParser
2021-07-08 18:17:33,650 INFO o.a.j.p.h.s.HTTPSamplerBase: Parser for application/xhtml+xml is org.apache.jmeter.protocol.http.parser.LagartoBasedHtmlParser
2021-07-08 18:17:33,650 INFO o.a.j.p.h.s.HTTPSamplerBase: Parser for application/xml is org.apache.jmeter.protocol.http.parser.LagartoBasedHtmlParser
2021-07-08 18:17:33,651 INFO o.a.j.p.h.s.HTTPSamplerBase: Parser for text/xml is org.apache.jmeter.protocol.http.parser.LagartoBasedHtmlParser
2021-07-08 18:17:33,651 INFO o.a.j.p.h.s.HTTPSamplerBase: Parser for text/vnd.wap.wml is org.apache.jmeter.protocol.http.parser.RegexpHTMLParser
2021-07-08 18:17:33,651 INFO o.a.j.p.h.s.HTTPSamplerBase: Parser for text/css is org.apache.jmeter.protocol.http.parser.CssParser
2021-07-08 18:18:53,046 INFO o.a.j.s.SampleResult: Note: Sample TimeStamps are START times
2021-07-08 18:18:53,046 INFO o.a.j.s.SampleResult: sampleresult.default.encoding is set to ISO-8859-1
2021-07-08 18:18:53,047 INFO o.a.j.s.SampleResult: sampleresult.useNanoTime=true
2021-07-08 18:18:53,047 INFO o.a.j.s.SampleResult: sampleresult.nanoThreadSleep=5000
2021-07-08 18:19:06,647 INFO o.a.j.e.StandardJMeterEngine: Running the test!
2021-07-08 18:19:06,649 INFO o.a.j.s.SampleEvent: List of sample_variables: []
2021-07-08 18:19:06,649 INFO o.a.j.s.SampleEvent: List of sample_variables: []
2021-07-08 18:19:06,651 INFO o.a.j.e.u.CompoundVariable: Note: Function class names must contain the string: '.functions.'
2021-07-08 18:19:06,651 INFO o.a.j.e.u.CompoundVariable: Note: Function class names must not contain the string: '.gui.'
2021-07-08 18:19:07,100 INFO o.a.j.g.u.JMeterMenuBar: setRunning(true, *local*)
2021-07-08 18:19:07,323 INFO o.a.j.e.StandardJMeterEngine: Starting ThreadGroup: 1 : Thread Group
2021-07-08 18:19:07,323 INFO o.a.j.e.StandardJMeterEngine: Starting 1 threads for group Thread Group.
2021-07-08 18:19:07,323 INFO o.a.j.e.StandardJMeterEngine: Thread will continue on error
2021-07-08 18:19:07,325 INFO o.a.j.t.ThreadGroup: Starting thread group... number=1 threads=1 ramp-up=1 delayedStart=false
2021-07-08 18:19:07,328 INFO o.a.j.t.ThreadGroup: Started thread group number 1
2021-07-08 18:19:07,329 INFO o.a.j.e.StandardJMeterEngine: All thread groups have been started
2021-07-08 18:19:07,330 INFO o.a.j.t.JMeterThread: Thread started: Thread Group 1-1
2021-07-08 18:19:07,380 INFO o.a.j.p.h.s.HTTPHCAbstractImpl: Local host = AAPC-IN
2021-07-08 18:19:07,386 INFO o.a.j.p.h.s.HTTPHC4Impl: HTTP request retry count = 0
2021-07-08 18:19:07,487 INFO o.a.j.p.h.s.h.LazyLayeredConnectionSocketFactory: Setting up HTTPS TrustAll Socket Factory
2021-07-08 18:19:07,494 INFO o.a.j.u.JsseSSLManager: Using default SSL protocol: TLS
2021-07-08 18:19:07,495 INFO o.a.j.u.JsseSSLManager: SSL session context: per-thread
2021-07-08 18:19:07,656 INFO o.a.j.u.SSLManager: JmeterKeyStore Location:  type JKS
2021-07-08 18:19:07,658 INFO o.a.j.u.SSLManager: KeyStore created OK
2021-07-08 18:19:07,659 WARN o.a.j.u.SSLManager: Keystore file not found, loading empty keystore
2021-07-08 18:19:07,903 INFO o.a.j.t.JMeterThread: Thread is done: Thread Group 1-1
2021-07-08 18:19:07,903 INFO o.a.j.t.JMeterThread: Thread finished: Thread Group 1-1
2021-07-08 18:19:07,906 INFO o.a.j.e.StandardJMeterEngine: Notifying test listeners of end of test
2021-07-08 18:19:07,906 INFO o.a.j.g.u.JMeterMenuBar: setRunning(false, *local*)
2021-07-08 18:22:56,648 INFO o.a.j.e.StandardJMeterEngine: Running the test!
2021-07-08 18:22:56,649 INFO o.a.j.s.SampleEvent: List of sample_variables: []
2021-07-08 18:22:56,656 INFO o.a.j.g.u.JMeterMenuBar: setRunning(true, *local*)
2021-07-08 18:22:57,017 INFO o.a.j.e.StandardJMeterEngine: Starting ThreadGroup: 1 : Thread Group
2021-07-08 18:22:57,018 INFO o.a.j.e.StandardJMeterEngine: Starting 1 threads for group Thread Group.
2021-07-08 18:22:57,018 INFO o.a.j.e.StandardJMeterEngine: Thread will continue on error
2021-07-08 18:22:57,018 INFO o.a.j.t.ThreadGroup: Starting thread group... number=1 threads=1 ramp-up=1 delayedStart=false
2021-07-08 18:22:57,018 INFO o.a.j.t.ThreadGroup: Started thread group number 1
2021-07-08 18:22:57,018 INFO o.a.j.e.StandardJMeterEngine: All thread groups have been started
2021-07-08 18:22:57,019 INFO o.a.j.t.JMeterThread: Thread started: Thread Group 1-1
2021-07-08 18:22:57,487 INFO o.a.j.t.JMeterThread: Thread is done: Thread Group 1-1
2021-07-08 18:22:57,488 INFO o.a.j.t.JMeterThread: Thread finished: Thread Group 1-1
2021-07-08 18:22:57,489 INFO o.a.j.e.StandardJMeterEngine: Notifying test listeners of end of test
2021-07-08 18:22:57,490 INFO o.a.j.g.u.JMeterMenuBar: setRunning(false, *local*)
2021-07-08 18:23:57,095 INFO o.a.j.e.StandardJMeterEngine: Running the test!
2021-07-08 18:23:57,096 INFO o.a.j.s.SampleEvent: List of sample_variables: []
2021-07-08 18:23:57,102 INFO o.a.j.g.u.JMeterMenuBar: setRunning(true, *local*)
2021-07-08 18:23:57,334 INFO o.a.j.e.StandardJMeterEngine: Starting ThreadGroup: 1 : Thread Group
2021-07-08 18:23:57,334 INFO o.a.j.e.StandardJMeterEngine: Starting 1 threads for group Thread Group.
2021-07-08 18:23:57,334 INFO o.a.j.e.StandardJMeterEngine: Thread will continue on error
2021-07-08 18:23:57,335 INFO o.a.j.t.ThreadGroup: Starting thread group... number=1 threads=1 ramp-up=1 delayedStart=false
2021-07-08 18:23:57,335 INFO o.a.j.t.ThreadGroup: Started thread group number 1
2021-07-08 18:23:57,335 INFO o.a.j.e.StandardJMeterEngine: All thread groups have been started
2021-07-08 18:23:57,336 INFO o.a.j.t.JMeterThread: Thread started: Thread Group 1-1
2021-07-08 18:23:57,615 INFO o.a.j.t.JMeterThread: Thread is done: Thread Group 1-1
2021-07-08 18:23:57,616 INFO o.a.j.t.JMeterThread: Thread finished: Thread Group 1-1
2021-07-08 18:23:57,617 INFO o.a.j.e.StandardJMeterEngine: Notifying test listeners of end of test
2021-07-08 18:23:57,619 INFO o.a.j.g.u.JMeterMenuBar: setRunning(false, *local*)
2021-07-08 18:25:15,406 INFO o.a.j.e.StandardJMeterEngine: Running the test!
2021-07-08 18:25:15,406 INFO o.a.j.s.SampleEvent: List of sample_variables: []
2021-07-08 18:25:15,408 INFO o.a.j.g.u.JMeterMenuBar: setRunning(true, *local*)
2021-07-08 18:25:15,604 INFO o.a.j.e.StandardJMeterEngine: Starting ThreadGroup: 1 : Thread Group
2021-07-08 18:25:15,605 INFO o.a.j.e.StandardJMeterEngine: Starting 1 threads for group Thread Group.
2021-07-08 18:25:15,605 INFO o.a.j.e.StandardJMeterEngine: Thread will continue on error
2021-07-08 18:25:15,605 INFO o.a.j.t.ThreadGroup: Starting thread group... number=1 threads=1 ramp-up=1 delayedStart=false
2021-07-08 18:25:15,606 INFO o.a.j.t.ThreadGroup: Started thread group number 1
2021-07-08 18:25:15,606 INFO o.a.j.e.StandardJMeterEngine: All thread groups have been started
2021-07-08 18:25:15,608 INFO o.a.j.t.JMeterThread: Thread started: Thread Group 1-1
2021-07-08 18:25:15,900 INFO o.a.j.t.JMeterThread: Thread is done: Thread Group 1-1
2021-07-08 18:25:15,901 INFO o.a.j.t.JMeterThread: Thread finished: Thread Group 1-1
2021-07-08 18:25:15,902 INFO o.a.j.e.StandardJMeterEngine: Notifying test listeners of end of test
2021-07-08 18:25:15,903 INFO o.a.j.g.u.JMeterMenuBar: setRunning(false, *local*)
2021-07-08 18:41:45,554 INFO o.a.j.e.StandardJMeterEngine: Running the test!
2021-07-08 18:41:45,555 INFO o.a.j.s.SampleEvent: List of sample_variables: []
2021-07-08 18:41:45,560 INFO o.a.j.g.u.JMeterMenuBar: setRunning(true, *local*)
2021-07-08 18:41:45,580 INFO o.a.j.e.StandardJMeterEngine: Starting ThreadGroup: 1 : Thread Group
2021-07-08 18:41:45,591 INFO o.a.j.e.StandardJMeterEngine: Starting 1 threads for group Thread Group.
2021-07-08 18:41:45,595 INFO o.a.j.e.StandardJMeterEngine: Thread will continue on error
2021-07-08 18:41:45,596 INFO o.a.j.t.ThreadGroup: Starting thread group... number=1 threads=1 ramp-up=1 delayedStart=false
2021-07-08 18:41:45,597 INFO o.a.j.t.ThreadGroup: Started thread group number 1
2021-07-08 18:41:45,597 INFO o.a.j.e.StandardJMeterEngine: All thread groups have been started
2021-07-08 18:41:45,600 INFO o.a.j.t.JMeterThread: Thread started: Thread Group 1-1
2021-07-08 18:41:45,930 INFO o.a.j.t.JMeterThread: Thread is done: Thread Group 1-1
2021-07-08 18:41:45,930 INFO o.a.j.t.JMeterThread: Thread finished: Thread Group 1-1
2021-07-08 18:41:45,932 INFO o.a.j.e.StandardJMeterEngine: Notifying test listeners of end of test
2021-07-08 18:41:45,932 INFO o.a.j.g.u.JMeterMenuBar: setRunning(false, *local*)
2021-07-08 18:42:09,478 INFO o.a.j.e.StandardJMeterEngine: Running the test!
2021-07-08 18:42:09,479 INFO o.a.j.s.SampleEvent: List of sample_variables: []
2021-07-08 18:42:09,481 INFO o.a.j.g.u.JMeterMenuBar: setRunning(true, *local*)
2021-07-08 18:42:09,747 INFO o.a.j.e.StandardJMeterEngine: Starting ThreadGroup: 1 : Thread Group
2021-07-08 18:42:09,748 INFO o.a.j.e.StandardJMeterEngine: Starting 1 threads for group Thread Group.
2021-07-08 18:42:09,748 INFO o.a.j.e.StandardJMeterEngine: Thread will continue on error
2021-07-08 18:42:09,748 INFO o.a.j.t.ThreadGroup: Starting thread group... number=1 threads=1 ramp-up=1 delayedStart=false
2021-07-08 18:42:09,750 INFO o.a.j.t.ThreadGroup: Started thread group number 1
2021-07-08 18:42:09,750 INFO o.a.j.e.StandardJMeterEngine: All thread groups have been started
2021-07-08 18:42:09,751 INFO o.a.j.t.JMeterThread: Thread started: Thread Group 1-1
2021-07-08 18:42:10,100 INFO o.a.j.t.JMeterThread: Thread is done: Thread Group 1-1
2021-07-08 18:42:10,101 INFO o.a.j.t.JMeterThread: Thread finished: Thread Group 1-1
2021-07-08 18:42:10,102 INFO o.a.j.e.StandardJMeterEngine: Notifying test listeners of end of test
2021-07-08 18:42:10,102 INFO o.a.j.g.u.JMeterMenuBar: setRunning(false, *local*)
2021-07-08 18:50:34,869 INFO o.a.j.s.FileServer: Set new base='C:\Dev\Performance\JMeter\apache-jmeter-5.4.1\Projects'
2021-07-08 18:50:34,882 INFO o.a.j.e.StandardJMeterEngine: Running the test!
2021-07-08 18:50:34,883 INFO o.a.j.s.SampleEvent: List of sample_variables: []
2021-07-08 18:50:34,888 INFO o.a.j.g.u.JMeterMenuBar: setRunning(true, *local*)
2021-07-08 18:50:34,911 INFO o.a.j.e.StandardJMeterEngine: Starting ThreadGroup: 1 : Thread Group
2021-07-08 18:50:34,911 INFO o.a.j.e.StandardJMeterEngine: Starting 1 threads for group Thread Group.
2021-07-08 18:50:34,912 INFO o.a.j.e.StandardJMeterEngine: Thread will continue on error
2021-07-08 18:50:34,912 INFO o.a.j.t.ThreadGroup: Starting thread group... number=1 threads=1 ramp-up=1 delayedStart=false
2021-07-08 18:50:34,913 INFO o.a.j.t.ThreadGroup: Started thread group number 1
2021-07-08 18:50:34,913 INFO o.a.j.e.StandardJMeterEngine: All thread groups have been started
2021-07-08 18:50:34,916 INFO o.a.j.t.JMeterThread: Thread started: Thread Group 1-1
2021-07-08 18:50:34,919 INFO o.a.j.t.JMeterThread: Thread is done: Thread Group 1-1
2021-07-08 18:50:34,919 INFO o.a.j.t.JMeterThread: Thread finished: Thread Group 1-1
2021-07-08 18:50:34,919 INFO o.a.j.e.StandardJMeterEngine: Notifying test listeners of end of test
2021-07-08 18:50:34,920 INFO o.a.j.g.u.JMeterMenuBar: setRunning(false, *local*)
2021-07-08 18:50:44,395 INFO o.a.j.e.StandardJMeterEngine: Running the test!
2021-07-08 18:50:44,396 INFO o.a.j.s.SampleEvent: List of sample_variables: []
2021-07-08 18:50:44,400 INFO o.a.j.g.u.JMeterMenuBar: setRunning(true, *local*)
2021-07-08 18:50:44,668 INFO o.a.j.e.StandardJMeterEngine: Starting ThreadGroup: 1 : Thread Group
2021-07-08 18:50:44,668 INFO o.a.j.e.StandardJMeterEngine: Starting 1 threads for group Thread Group.
2021-07-08 18:50:44,668 INFO o.a.j.e.StandardJMeterEngine: Thread will continue on error
2021-07-08 18:50:44,668 INFO o.a.j.t.ThreadGroup: Starting thread group... number=1 threads=1 ramp-up=1 delayedStart=false
2021-07-08 18:50:44,669 INFO o.a.j.t.ThreadGroup: Started thread group number 1
2021-07-08 18:50:44,669 INFO o.a.j.e.StandardJMeterEngine: All thread groups have been started
2021-07-08 18:50:44,669 INFO o.a.j.t.JMeterThread: Thread started: Thread Group 1-1
2021-07-08 18:50:44,670 INFO o.a.j.t.JMeterThread: Thread is done: Thread Group 1-1
2021-07-08 18:50:44,670 INFO o.a.j.t.JMeterThread: Thread finished: Thread Group 1-1
2021-07-08 18:50:44,670 INFO o.a.j.e.StandardJMeterEngine: Notifying test listeners of end of test
2021-07-08 18:50:44,670 INFO o.a.j.g.u.JMeterMenuBar: setRunning(false, *local*)
2021-07-08 18:51:25,663 INFO o.a.j.e.StandardJMeterEngine: Running the test!
2021-07-08 18:51:25,664 INFO o.a.j.s.SampleEvent: List of sample_variables: []
2021-07-08 18:51:25,668 INFO o.a.j.g.u.JMeterMenuBar: setRunning(true, *local*)
2021-07-08 18:51:25,799 INFO o.a.j.e.StandardJMeterEngine: Starting ThreadGroup: 1 : Thread Group
2021-07-08 18:51:25,799 INFO o.a.j.e.StandardJMeterEngine: Starting 1 threads for group Thread Group.
2021-07-08 18:51:25,799 INFO o.a.j.e.StandardJMeterEngine: Thread will continue on error
2021-07-08 18:51:25,800 INFO o.a.j.t.ThreadGroup: Starting thread group... number=1 threads=1 ramp-up=1 delayedStart=false
2021-07-08 18:51:25,800 INFO o.a.j.t.ThreadGroup: Started thread group number 1
2021-07-08 18:51:25,800 INFO o.a.j.e.StandardJMeterEngine: All thread groups have been started
2021-07-08 18:51:25,801 INFO o.a.j.t.JMeterThread: Thread started: Thread Group 1-1
2021-07-08 18:51:27,144 INFO o.a.j.t.JMeterThread: Thread is done: Thread Group 1-1
2021-07-08 18:51:27,145 INFO o.a.j.t.JMeterThread: Thread finished: Thread Group 1-1
2021-07-08 18:51:27,147 INFO o.a.j.e.StandardJMeterEngine: Notifying test listeners of end of test
2021-07-08 18:51:27,147 INFO o.a.j.g.u.JMeterMenuBar: setRunning(false, *local*)
2021-07-08 18:54:31,840 INFO o.a.j.e.StandardJMeterEngine: Running the test!
2021-07-08 18:54:31,841 INFO o.a.j.s.SampleEvent: List of sample_variables: []
2021-07-08 18:54:31,847 INFO o.a.j.g.u.JMeterMenuBar: setRunning(true, *local*)
2021-07-08 18:54:32,104 INFO o.a.j.e.StandardJMeterEngine: Starting ThreadGroup: 1 : Thread Group
2021-07-08 18:54:32,105 INFO o.a.j.e.StandardJMeterEngine: Starting 1 threads for group Thread Group.
2021-07-08 18:54:32,105 INFO o.a.j.e.StandardJMeterEngine: Thread will continue on error
2021-07-08 18:54:32,105 INFO o.a.j.t.ThreadGroup: Starting thread group... number=1 threads=1 ramp-up=1 delayedStart=false
2021-07-08 18:54:32,105 INFO o.a.j.t.ThreadGroup: Started thread group number 1
2021-07-08 18:54:32,105 INFO o.a.j.e.StandardJMeterEngine: All thread groups have been started
2021-07-08 18:54:32,107 INFO o.a.j.t.JMeterThread: Thread started: Thread Group 1-1
2021-07-08 18:54:33,745 INFO o.a.j.t.JMeterThread: Thread is done: Thread Group 1-1
2021-07-08 18:54:33,746 INFO o.a.j.t.JMeterThread: Thread finished: Thread Group 1-1
2021-07-08 18:54:33,748 INFO o.a.j.e.StandardJMeterEngine: Notifying test listeners of end of test
2021-07-08 18:54:33,748 INFO o.a.j.g.u.JMeterMenuBar: setRunning(false, *local*)
2021-07-08 19:04:47,458 INFO o.a.j.e.StandardJMeterEngine: Running the test!
2021-07-08 19:04:47,459 INFO o.a.j.s.SampleEvent: List of sample_variables: []
2021-07-08 19:04:47,465 INFO o.a.j.g.u.JMeterMenuBar: setRunning(true, *local*)
2021-07-08 19:04:47,678 INFO o.a.j.e.StandardJMeterEngine: Starting ThreadGroup: 1 : Thread Group
2021-07-08 19:04:47,678 INFO o.a.j.e.StandardJMeterEngine: Starting 1 threads for group Thread Group.
2021-07-08 19:04:47,679 INFO o.a.j.e.StandardJMeterEngine: Thread will continue on error
2021-07-08 19:04:47,679 INFO o.a.j.t.ThreadGroup: Starting thread group... number=1 threads=1 ramp-up=1 delayedStart=false
2021-07-08 19:04:47,687 INFO o.a.j.t.ThreadGroup: Started thread group number 1
2021-07-08 19:04:47,688 INFO o.a.j.e.StandardJMeterEngine: All thread groups have been started
2021-07-08 19:04:47,688 INFO o.a.j.t.JMeterThread: Thread started: Thread Group 1-1
2021-07-08 19:04:49,302 INFO o.a.j.t.JMeterThread: Thread is done: Thread Group 1-1
2021-07-08 19:04:49,302 INFO o.a.j.t.JMeterThread: Thread finished: Thread Group 1-1
2021-07-08 19:04:49,303 INFO o.a.j.e.StandardJMeterEngine: Notifying test listeners of end of test
2021-07-08 19:04:49,303 INFO o.a.j.g.u.JMeterMenuBar: setRunning(false, *local*)
2021-07-08 19:05:01,273 INFO o.a.j.e.StandardJMeterEngine: Running the test!
2021-07-08 19:05:01,273 INFO o.a.j.s.SampleEvent: List of sample_variables: []
2021-07-08 19:05:01,277 INFO o.a.j.g.u.JMeterMenuBar: setRunning(true, *local*)
2021-07-08 19:05:01,284 INFO o.a.j.e.StandardJMeterEngine: Starting ThreadGroup: 1 : Thread Group
2021-07-08 19:05:01,284 INFO o.a.j.e.StandardJMeterEngine: Starting 1 threads for group Thread Group.
2021-07-08 19:05:01,284 INFO o.a.j.e.StandardJMeterEngine: Thread will continue on error
2021-07-08 19:05:01,284 INFO o.a.j.t.ThreadGroup: Starting thread group... number=1 threads=1 ramp-up=1 delayedStart=false
2021-07-08 19:05:01,291 INFO o.a.j.t.ThreadGroup: Started thread group number 1
2021-07-08 19:05:01,291 INFO o.a.j.e.StandardJMeterEngine: All thread groups have been started
2021-07-08 19:05:01,292 INFO o.a.j.t.JMeterThread: Thread started: Thread Group 1-1
2021-07-08 19:05:02,411 INFO o.a.j.t.JMeterThread: Thread is done: Thread Group 1-1
2021-07-08 19:05:02,411 INFO o.a.j.t.JMeterThread: Thread finished: Thread Group 1-1
2021-07-08 19:05:02,413 INFO o.a.j.e.StandardJMeterEngine: Notifying test listeners of end of test
2021-07-08 19:05:02,413 INFO o.a.j.g.u.JMeterMenuBar: setRunning(false, *local*)
2021-07-08 19:05:51,046 INFO o.a.j.e.StandardJMeterEngine: Running the test!
2021-07-08 19:05:51,047 INFO o.a.j.s.SampleEvent: List of sample_variables: []
2021-07-08 19:05:51,057 INFO o.a.j.g.u.JMeterMenuBar: setRunning(true, *local*)
2021-07-08 19:05:51,191 INFO o.a.j.e.StandardJMeterEngine: Starting ThreadGroup: 1 : HTTP Authorization Manager
2021-07-08 19:05:51,191 INFO o.a.j.e.StandardJMeterEngine: Starting 1 threads for group HTTP Authorization Manager.
2021-07-08 19:05:51,191 INFO o.a.j.e.StandardJMeterEngine: Thread will continue on error
2021-07-08 19:05:51,191 INFO o.a.j.t.ThreadGroup: Starting thread group... number=1 threads=1 ramp-up=1 delayedStart=false
2021-07-08 19:05:51,191 INFO o.a.j.t.ThreadGroup: Started thread group number 1
2021-07-08 19:05:51,191 INFO o.a.j.e.StandardJMeterEngine: Starting ThreadGroup: 2 : Thread Group
2021-07-08 19:05:51,192 INFO o.a.j.e.StandardJMeterEngine: Starting 1 threads for group Thread Group.
2021-07-08 19:05:51,192 INFO o.a.j.e.StandardJMeterEngine: Thread will continue on error
2021-07-08 19:05:51,192 INFO o.a.j.t.ThreadGroup: Starting thread group... number=2 threads=1 ramp-up=1 delayedStart=false
2021-07-08 19:05:51,192 INFO o.a.j.t.JMeterThread: Thread started: HTTP Authorization Manager 1-1
2021-07-08 19:05:51,201 INFO o.a.j.t.ThreadGroup: Started thread group number 2
2021-07-08 19:05:51,201 INFO o.a.j.e.StandardJMeterEngine: All thread groups have been started
2021-07-08 19:05:51,202 INFO o.a.j.t.JMeterThread: Thread started: Thread Group 2-1
2021-07-08 19:05:52,641 INFO o.a.j.t.JMeterThread: Thread is done: Thread Group 2-1
2021-07-08 19:05:52,641 INFO o.a.j.t.JMeterThread: Thread is done: HTTP Authorization Manager 1-1
2021-07-08 19:05:52,641 INFO o.a.j.t.JMeterThread: Thread finished: Thread Group 2-1
2021-07-08 19:05:52,641 INFO o.a.j.t.JMeterThread: Thread finished: HTTP Authorization Manager 1-1
2021-07-08 19:05:52,643 INFO o.a.j.e.StandardJMeterEngine: Notifying test listeners of end of test
2021-07-08 19:05:52,643 INFO o.a.j.g.u.JMeterMenuBar: setRunning(false, *local*)
2021-07-08 19:06:23,002 INFO o.a.j.e.StandardJMeterEngine: Running the test!
2021-07-08 19:06:23,004 INFO o.a.j.s.SampleEvent: List of sample_variables: []
2021-07-08 19:06:23,012 INFO o.a.j.g.u.JMeterMenuBar: setRunning(true, *local*)
2021-07-08 19:06:23,024 INFO o.a.j.e.StandardJMeterEngine: Starting ThreadGroup: 1 : HTTP Authorization Manager
2021-07-08 19:06:23,025 INFO o.a.j.e.StandardJMeterEngine: Starting 1 threads for group HTTP Authorization Manager.
2021-07-08 19:06:23,025 INFO o.a.j.e.StandardJMeterEngine: Thread will continue on error
2021-07-08 19:06:23,026 INFO o.a.j.t.ThreadGroup: Starting thread group... number=1 threads=1 ramp-up=1 delayedStart=false
2021-07-08 19:06:23,027 INFO o.a.j.t.ThreadGroup: Started thread group number 1
2021-07-08 19:06:23,027 INFO o.a.j.e.StandardJMeterEngine: Starting ThreadGroup: 2 : Thread Group
2021-07-08 19:06:23,029 INFO o.a.j.e.StandardJMeterEngine: Starting 1 threads for group Thread Group.
2021-07-08 19:06:23,029 INFO o.a.j.e.StandardJMeterEngine: Thread will continue on error
2021-07-08 19:06:23,029 INFO o.a.j.t.JMeterThread: Thread started: HTTP Authorization Manager 1-1
2021-07-08 19:06:23,030 INFO o.a.j.t.ThreadGroup: Starting thread group... number=2 threads=1 ramp-up=1 delayedStart=false
2021-07-08 19:06:23,053 INFO o.a.j.t.ThreadGroup: Started thread group number 2
2021-07-08 19:06:23,053 INFO o.a.j.e.StandardJMeterEngine: All thread groups have been started
2021-07-08 19:06:23,056 INFO o.a.j.t.JMeterThread: Thread started: Thread Group 2-1
2021-07-08 19:06:24,740 INFO o.a.j.t.JMeterThread: Thread is done: Thread Group 2-1
2021-07-08 19:06:24,740 INFO o.a.j.t.JMeterThread: Thread is done: HTTP Authorization Manager 1-1
2021-07-08 19:06:24,740 INFO o.a.j.t.JMeterThread: Thread finished: Thread Group 2-1
2021-07-08 19:06:24,741 INFO o.a.j.t.JMeterThread: Thread finished: HTTP Authorization Manager 1-1
2021-07-08 19:06:24,742 INFO o.a.j.e.StandardJMeterEngine: Notifying test listeners of end of test
2021-07-08 19:06:24,743 INFO o.a.j.g.u.JMeterMenuBar: setRunning(false, *local*)
